[0.000000] (-) TimerEvent: {}
[0.001321] (locomotion) JobQueued: {'identifier': 'locomotion', 'dependencies': OrderedDict()}
[0.002467] (locomotion) JobStarted: {'identifier': 'locomotion'}
[0.098853] (-) TimerEvent: {}
[0.199735] (-) TimerEvent: {}
[0.300629] (-) TimerEvent: {}
[0.401524] (-) TimerEvent: {}
[0.502448] (-) TimerEvent: {}
[0.603426] (-) TimerEvent: {}
[0.704283] (-) TimerEvent: {}
[0.805134] (-) TimerEvent: {}
[0.905978] (-) TimerEvent: {}
[1.006959] (-) TimerEvent: {}
[1.107794] (-) TimerEvent: {}
[1.208627] (-) TimerEvent: {}
[1.309487] (-) TimerEvent: {}
[1.410396] (-) TimerEvent: {}
[1.511290] (-) TimerEvent: {}
[1.612157] (-) TimerEvent: {}
[1.712995] (-) TimerEvent: {}
[1.813982] (-) TimerEvent: {}
[1.914961] (-) TimerEvent: {}
[2.019995] (-) TimerEvent: {}
[2.120914] (-) TimerEvent: {}
[2.221823] (-) TimerEvent: {}
[2.322888] (-) TimerEvent: {}
[2.423826] (-) TimerEvent: {}
[2.524714] (-) TimerEvent: {}
[2.625570] (-) TimerEvent: {}
[2.726421] (-) TimerEvent: {}
[2.827318] (-) TimerEvent: {}
[2.928166] (-) TimerEvent: {}
[3.029013] (-) TimerEvent: {}
[3.129963] (-) TimerEvent: {}
[3.230868] (-) TimerEvent: {}
[3.331725] (-) TimerEvent: {}
[3.432675] (-) TimerEvent: {}
[3.533518] (-) TimerEvent: {}
[3.634370] (-) TimerEvent: {}
[3.735276] (-) TimerEvent: {}
[3.836129] (-) TimerEvent: {}
[3.937053] (-) TimerEvent: {}
[4.038072] (-) TimerEvent: {}
[4.139134] (-) TimerEvent: {}
[4.233030] (locomotion) StderrLine: {'line': b'Traceback (most recent call last):\n  File "/usr/lib/python3/dist-packages/colcon_parallel_executor/executor/parallel.py", line 75, in execute\n    loop.run_until_complete(future)\n  File "/usr/lib/python3.10/asyncio/base_events.py", line 636, in run_until_complete\n    self.run_forever()\n  File "/usr/lib/python3.10/asyncio/base_events.py", line 603, in run_forever\n    self._run_once()\n  File "/usr/lib/python3.10/asyncio/base_events.py", line 1871, in _run_once\n    event_list = self._selector.select(timeout)\n  File "/usr/lib/python3.10/selectors.py", line 469, in select\n    fd_event_list = self._selector.poll(timeout, max_ev)\nKeyboardInterrupt\n\nDuring handling of the above exception, another exception occurred:\n\nTraceback (most recent call last):\n  File "/usr/lib/python3/dist-packages/colcon_core/executor/__init__.py", line 91, in __call__\n    rc = await self.task(*args, **kwargs)\n  File "/usr/lib/python3/dist-packages/colcon_core/task/__init__.py", line 93, in __call__\n    return await task_method(*args, **kwargs)\n  File "/usr/lib/python3/dist-packages/colcon_ros/task/ament_python/build.py", line 102, in build\n    return await extension.build(additional_hooks=additional_hooks)\n  File "/usr/lib/python3/dist-packages/colcon_core/task/python/build.py", line 94, in build\n    available_commands = await self._get_available_commands(\n  File "/usr/lib/python3/dist-packages/colcon_core/task/python/build.py", line 192, in _get_available_commands\n    output = await check_output(\n  File "/usr/lib/python3/dist-packages/colcon_core/subprocess.py", line 129, in check_output\n    assert not rc, f\'Expected {args} to pass: {stderr_data}\'\nAssertionError: Expected [\'/usr/bin/python3\', \'-W\', \'ignore:setup.py install is deprecated\', \'setup.py\', \'--help-commands\'] to pass: Traceback (most recent call last):\n  File "/home/ubuntu/ros2_ws/src/locomotion/setup.py", line 5, in <module>\n    setup(\n  File "/usr/lib/python3/dist-packages/setuptools/__init__.py", line 153, in setup\n    return distutils.core.setup(**attrs)\n  File "/usr/lib/python3.10/distutils/core.py", line 134, in setup\n    ok = dist.parse_command_line()\n  File "/usr/lib/python3.10/distutils/dist.py", line 480, in parse_command_line\n    if self.handle_display_options(option_order):\n  File "/usr/lib/python3/dist-packages/setuptools/dist.py", line 1126, in handle_display_options\n    return _Distribution.handle_display_options(self, option_order)\n  File "/usr/lib/python3.10/distutils/dist.py", line 683, in handle_display_options\n    self.print_commands()\n  File "/usr/lib/python3/dist-packages/setuptools/dist.py", line 902, in print_commands\n    cmdclass = ep.resolve()\n  File "/usr/lib/python3/dist-packages/pkg_resources/__init__.py", line 2471, in resolve\n    module = __import__(self.module_name, fromlist=[\'__name__\'], level=0)\n  File "/usr/lib/python3/dist-packages/babel/messages/__init__.py", line 12, in <module>\n    from babel.messages.catalog import *\n  File "/usr/lib/python3/dist-packages/babel/messages/catalog.py", line 24, in <module>\n    from babel.dates import format_datetime\n  File "/usr/lib/python3/dist-packages/babel/dates.py", line 23, in <module>\n    import pytz as _pytz\n  File "/usr/lib/python3/dist-packages/pytz/__init__.py", line 665, in <module>\n    all_timezones_set = zoneinfo.available_timezones() - {"Factory", "localtime"}\n  File "/usr/lib/python3.10/zoneinfo/_tzpath.py", line 159, in available_timezones\n    if valid_key(fpath):\nKeyboardInterrupt\n\n'}
[4.235328] (locomotion) JobEnded: {'identifier': 'locomotion', 'rc': 'SIGINT'}
[4.239225] (-) TimerEvent: {}
[4.244738] (-) EventReactorShutdown: {}
